{
  "stats": {
    "suites": 1,
    "tests": 4,
    "passes": 1,
    "pending": 0,
    "failures": 3,
    "start": "2023-11-09T10:10:20.597Z",
    "end": "2023-11-09T10:11:17.328Z",
    "duration": 56731,
    "testsRegistered": 4,
    "passPercent": 25,
    "pendingPercent": 0,
    "other": 0,
    "hasOther": false,
    "skipped": 0,
    "hasSkipped": false
  },
  "results": [
    {
      "uuid": "be74fb2d-d50e-4b5b-a469-eaa182acd57e",
      "title": "",
      "fullFile": "cypress\\e2e\\TestCase\\登录场景.cy.js",
      "file": "cypress\\e2e\\TestCase\\登录场景.cy.js",
      "beforeHooks": [],
      "afterHooks": [],
      "tests": [],
      "suites": [
        {
          "uuid": "39736d16-7a7d-4d90-88a9-babaad73c8e9",
          "title": "登录",
          "fullFile": "",
          "file": "",
          "beforeHooks": [],
          "afterHooks": [],
          "tests": [
            {
              "title": "登录成功!",
              "fullTitle": "登录 登录成功!",
              "timedOut": null,
              "duration": 3713,
              "state": "passed",
              "speed": "fast",
              "pass": true,
              "fail": false,
              "pending": false,
              "context": null,
              "code": "cy.login(user.username, user.password);",
              "err": {},
              "uuid": "18b8da26-1c7a-4321-8184-4e7b33228b0e",
              "parentUUID": "39736d16-7a7d-4d90-88a9-babaad73c8e9",
              "isHook": false,
              "skipped": false
            },
            {
              "title": "错误的用户名!",
              "fullTitle": "登录 错误的用户名!",
              "timedOut": null,
              "duration": 16874,
              "state": "failed",
              "speed": null,
              "pass": false,
              "fail": true,
              "pending": false,
              "context": null,
              "code": "cy.login(user.username, user.password);",
              "err": {
                "message": "AssertionError: Timed out retrying after 15000ms: expected 'http://wolf.test.datatist.cn/aimarketer/login' to include '/aimarketer/usercenter/productcenter'",
                "estack": "AssertionError: Timed out retrying after 15000ms: expected 'http://wolf.test.datatist.cn/aimarketer/login' to include '/aimarketer/usercenter/productcenter'\n    at LoginPage.isTargetPage (webpack://cypressdemo/./cypress/e2e/pageObject/login.js:16:17)\n    at Context.eval (webpack://cypressdemo/./cypress/support/commands.js:46:13)",
                "diff": null
              },
              "uuid": "3b6fa30a-293d-4761-a195-4d1f2823962c",
              "parentUUID": "39736d16-7a7d-4d90-88a9-babaad73c8e9",
              "isHook": false,
              "skipped": false
            },
            {
              "title": "错误的密码!",
              "fullTitle": "登录 错误的密码!",
              "timedOut": null,
              "duration": 17298,
              "state": "failed",
              "speed": null,
              "pass": false,
              "fail": true,
              "pending": false,
              "context": null,
              "code": "cy.login(user.username, user.password);",
              "err": {
                "message": "AssertionError: Timed out retrying after 15000ms: expected 'http://wolf.test.datatist.cn/aimarketer/login' to include '/aimarketer/usercenter/productcenter'",
                "estack": "AssertionError: Timed out retrying after 15000ms: expected 'http://wolf.test.datatist.cn/aimarketer/login' to include '/aimarketer/usercenter/productcenter'\n    at LoginPage.isTargetPage (webpack://cypressdemo/./cypress/e2e/pageObject/login.js:16:17)\n    at Context.eval (webpack://cypressdemo/./cypress/support/commands.js:46:13)",
                "diff": null
              },
              "uuid": "73c97a30-5acf-4ff6-bf84-8c341e04594e",
              "parentUUID": "39736d16-7a7d-4d90-88a9-babaad73c8e9",
              "isHook": false,
              "skipped": false
            },
            {
              "title": "错误的用户名和密码!",
              "fullTitle": "登录 错误的用户名和密码!",
              "timedOut": null,
              "duration": 17093,
              "state": "failed",
              "speed": null,
              "pass": false,
              "fail": true,
              "pending": false,
              "context": null,
              "code": "cy.login(user.username, user.password);",
              "err": {
                "message": "AssertionError: Timed out retrying after 15000ms: expected 'http://wolf.test.datatist.cn/aimarketer/login' to include '/aimarketer/usercenter/productcenter'",
                "estack": "AssertionError: Timed out retrying after 15000ms: expected 'http://wolf.test.datatist.cn/aimarketer/login' to include '/aimarketer/usercenter/productcenter'\n    at LoginPage.isTargetPage (webpack://cypressdemo/./cypress/e2e/pageObject/login.js:16:17)\n    at Context.eval (webpack://cypressdemo/./cypress/support/commands.js:46:13)",
                "diff": null
              },
              "uuid": "3c7ec89c-1d68-468f-b2a4-299f5cca86de",
              "parentUUID": "39736d16-7a7d-4d90-88a9-babaad73c8e9",
              "isHook": false,
              "skipped": false
            }
          ],
          "suites": [],
          "passes": [
            "18b8da26-1c7a-4321-8184-4e7b33228b0e"
          ],
          "failures": [
            "3b6fa30a-293d-4761-a195-4d1f2823962c",
            "73c97a30-5acf-4ff6-bf84-8c341e04594e",
            "3c7ec89c-1d68-468f-b2a4-299f5cca86de"
          ],
          "pending": [],
          "skipped": [],
          "duration": 54978,
          "root": false,
          "rootEmpty": false,
          "_timeout": 2000
        }
      ],
      "passes": [],
      "failures": [],
      "pending": [],
      "skipped": [],
      "duration": 0,
      "root": true,
      "rootEmpty": true,
      "_timeout": 2000
    }
  ],
  "meta": {
    "mocha": {
      "version": "7.0.1"
    },
    "mochawesome": {
      "options": {
        "quiet": false,
        "reportFilename": "mochawesome",
        "saveHtml": false,
        "saveJson": true,
        "consoleReporter": "spec",
        "useInlineDiffs": false,
        "code": true
      },
      "version": "7.1.3"
    },
    "marge": {
      "options": {
        "reportDir": "cypress/results",
        "overwrite": false,
        "html": false,
        "json": true,
        "xml": true
      },
      "version": "6.2.0"
    }
  }
}