{
  "stats": {
    "suites": 1,
    "tests": 1,
    "passes": 1,
    "pending": 0,
    "failures": 0,
    "start": "2023-11-10T04:41:34.407Z",
    "end": "2023-11-10T04:42:39.342Z",
    "duration": 64935,
    "testsRegistered": 1,
    "passPercent": 100,
    "pendingPercent": 0,
    "other": 0,
    "hasOther": false,
    "skipped": 0,
    "hasSkipped": false
  },
  "results": [
    {
      "uuid": "a47f3c75-7308-4445-a74a-62ccfac985ac",
      "title": "",
      "fullFile": "cypress\\e2e\\TestCase\\基础标签的创建和审批.cy.js",
      "file": "cypress\\e2e\\TestCase\\基础标签的创建和审批.cy.js",
      "beforeHooks": [],
      "afterHooks": [],
      "tests": [],
      "suites": [
        {
          "uuid": "913a6f38-6d04-44eb-8c46-ce0855d015a4",
          "title": "创建标签",
          "fullFile": "",
          "file": "",
          "beforeHooks": [],
          "afterHooks": [],
          "tests": [
            {
              "title": "创建基础标签并审核通过",
              "fullTitle": "创建标签 创建基础标签并审核通过",
              "timedOut": null,
              "duration": 61926,
              "state": "passed",
              "speed": "slow",
              "pass": true,
              "fail": false,
              "pending": false,
              "context": null,
              "code": "//第一步：输入管理员用户名和密码，然后登录\ncy.login(_testLogin.testLoginAdminUser[0].username, _testLogin.testLoginAdminUser[0].password);\n//cy.pause();\n//第二步：选择“测试项目”\ncy.selectProject(_testLogin.projectName[0].project);\n//cy.pause();\n//第三步：选择顶部菜单里的“数据中心”\ncy.selectMenu(_menu.menuSelect[0].menu_name);\n//第四步：选择二级菜单“标签管理”\ncy.get('li[name=\"标签管理\"]').click();\ncy.url().should('include', 'src=/tag/aimarketer/iframe/labelmanage');\n//第五步：点击右上角的“新建”并选择“基础标签”\ncy.selectLabelType(_labelType.labelName[0].label_name);\n//第六步：在创建基础标签的页面创建一个标签:场景0，永久有效，标签分类-转账，统计规则-用户信息表+名字\ncy.createBasicLabel(_createBasicLabel.createBasicLabel[0].ID_type, _createBasicLabel.createBasicLabel[0].label_category, _createBasicLabel.createBasicLabel[0].valid_time, _createBasicLabel.createBasicLabel[0].comment, _createBasicLabel.createBasicLabel[0].data_column, _createBasicLabel.createBasicLabel[0].column_field);\n//第七步：退出当前账号\ncy.exit();\n//第八步：登录审批人的账号\ncy.login(_testLogin.testLoginApprove[0].username, _testLogin.testLoginApprove[0].password);\n//第九步：选择项目“测试项目”\ncy.selectProject(_testLogin.projectName[0].project);\n//第十步：找到刚才创建的标签并审批通过\ncy.approveLabel(_approveOpinion.approveOpinion[0].approve_comment, _approveOpinion.approveOpinion[0].URL);\n//第十一步：退出审批人的账号\ncy.exit();\n//第十二步：再次登录管理员账号并切换到标签管理菜单\ncy.login(_testLogin.testLoginAdminUser[0].username, _testLogin.testLoginAdminUser[0].password);\ncy.selectProject(_testLogin.projectName[0].project);\ncy.selectMenu(_menu.menuSelect[0].menu_name);\ncy.get('li[name=\"标签管理\"]').click();\ncy.url().should('include', 'src=/tag/aimarketer/iframe/labelmanage');\n//第十三步：找到审批通过的标签验证标签是\"正常运行”，“审批通过”状态,且计算状态应该是“等待上游就绪”\ncy.iframe('.iframeStyle').find('.btnGroup .ant-input-search .ant-input-affix-wrapper input.ant-input').focus();\ncy.window().then(win => {\n  let textValue1 = win.localStorage.getItem('textValue1');\n  cy.iframe('.iframeStyle').find('.btnGroup .ant-input-search .ant-input-affix-wrapper input.ant-input').type(textValue1);\n  cy.iframe('.iframeStyle').find('.btnGroup .ant-input-search .ant-input-group-addon button svg[data-icon=\"search\"]').click({\n    force: true\n  });\n  cy.labelStatusCheck(_labelType.labelStatusCheck[0].label_status, _labelType.labelStatusCheck[0].approve_status, _labelType.labelStatusCheck[0].cal_status);\n});",
              "err": {},
              "uuid": "8724c149-0fd0-49c3-a98a-6f1f7f5c45e0",
              "parentUUID": "913a6f38-6d04-44eb-8c46-ce0855d015a4",
              "isHook": false,
              "skipped": false
            }
          ],
          "suites": [],
          "passes": [
            "8724c149-0fd0-49c3-a98a-6f1f7f5c45e0"
          ],
          "failures": [],
          "pending": [],
          "skipped": [],
          "duration": 61926,
          "root": false,
          "rootEmpty": false,
          "_timeout": 2000
        }
      ],
      "passes": [],
      "failures": [],
      "pending": [],
      "skipped": [],
      "duration": 0,
      "root": true,
      "rootEmpty": true,
      "_timeout": 2000
    }
  ],
  "meta": {
    "mocha": {
      "version": "7.0.1"
    },
    "mochawesome": {
      "options": {
        "quiet": false,
        "reportFilename": "mochawesome",
        "saveHtml": false,
        "saveJson": true,
        "consoleReporter": "spec",
        "useInlineDiffs": false,
        "code": true
      },
      "version": "7.1.3"
    },
    "marge": {
      "options": {
        "reportDir": "cypress/results",
        "overwrite": false,
        "html": false,
        "json": true,
        "xml": true
      },
      "version": "6.2.0"
    }
  }
}